Q868Z9 6.1e-19 1
O76840 6.7e-20 1
Q02445 5e-23 1
O54819 4.4e-23 1
P10646 2.2e-22 1
P19761 6.1e-22 1
Q03610 3.9e-19 1
Q7YRQ8 6.6e-23 1
P86733 6.9e-25 1
O35536 5.3e-22 1
Q8WPI2 6e-26 1
P04365 3.9e-20 1
B2BS84 4.9e-20 1
P62756 2.2e-18 1
P00978 2.5e-18 1
Q7TQN3 1.6e-22 1
P00975 1.4e-33 1
O43278 1.5e-18 1
Q07456 2.4e-17 1
Q62577 1.5e-17 1
P83609 8.3e-18 1
Q64240 8.1e-17 1
P04815 6.5e-32 1
Q9R097 1.2e-18 1
P00982 1.2e-30 1
P00981 5.3e-30 1
P0C1X2 1.9e-28 1
Q90W98 2.4e-28 1
B6RLX2 5e-28 1
C1IC52 5.8e-28 1
Q90W99 9.5e-28 1
C1IC51 9.9e-28 1
C0HK72 1e-27 1
P0DMJ6 1.3e-27 1
C1IC50 2.7e-27 1
C0HLB2 4.2e-27 1
Q7LZE3 5.8e-27 1
P0DN08 7.1e-27 1
Q9TWG0 6.2e-27 1
B5L5R7 6.7e-27 1
B5KL37 7.6e-27 1
F8J2F3 8.2e-27 1
F8J2F5 1e-26 1
B5KL40 1.2e-26 1
B5KF95 1.2e-26 1
P86862 1.4e-26 1
P0DMJ5 1.7e-26 1
H2A0P0 4e-15 1
Q6ITB0 2.3e-26 1
Q6T6S5 2.8e-26 1
P00991 2.8e-26 1
Q90WA0 3.8e-26 1
B5G6G6 3.8e-26 1
Q6ITB5 4.1e-26 1
A6MFL4 4.4e-26 1
B5KL39 4.7e-26 1
B5L5M7 5.4e-26 1
P0DN13 7.8e-26 1
P0DN19 9.4e-26 1
C0HJF3 8.6e-26 1
P20229 9.9e-26 1
A6MGY1 1.1e-25 1
B5KL35 1.2e-25 1
P0DN10 2.2e-25 1
A6MFL3 2e-25 1
A6MFL1 2.2e-25 1
P0DN12 2.4e-25 1
Q8T3S7 2.6e-25 1
P00993 2.4e-25 1
Q9TWF9 3.5e-25 1
E7FL12 4e-25 1
Q6ITB7 4.2e-25 1
B5L5Q8 5.5e-25 1
B5KL41 5.5e-25 1
P0DN14 6.3e-25 1
B5KL34 5.8e-25 1
B2G331 8.6e-25 1
P0DKL8 9.9e-25 1
B2KTG1 1.3e-24 1
B4ESA3 1.5e-24 1
P0DN20 1.7e-24 1
Q6ITB3 2.5e-24 1
B5KL33 2.5e-24 1
Q8AY41 2.9e-24 1
P0DMJ3 3.1e-24 1
H6VC06 4e-24 1
Q8AY43 5.2e-24 1
B5KL31 5.2e-24 1
P81547 6.2e-24 1
B5KL30 7e-24 1
B1B5I8 9.4e-24 1
P79307 1.7e-23 1
P53601 1.7e-23 1
Q5IS80 1.7e-23 1
P26228 9.4e-24 1
F8J2F6 1e-23 1
A7X3V4 1.2e-23 1
A8Y7P4 1.2e-23 1
P05067 2e-23 1
A8Y7P1 1.4e-23 1
A8Y7P3 1.7e-23 1
Q6ITB8 1.7e-23 1
A8Y7P0 1.8e-23 1
Q2ES50 1.8e-23 1
Q60495 3.5e-23 1
A8Y7P5 3.2e-23 1
B4ESA4 3.3e-23 1
Q8AY42 4.6e-23 1
F6ULY1 5.5e-23 1
A7X3V7 8.8e-23 1
H2A0N1 2.8e-12 1
P00983 1e-22 1
B5L5R6 2.2e-22 1
B5L5Q1 2.2e-22 1
Q90W96 2.7e-22 1
D8KY58 3.5e-22 1
P16344 4.6e-22 1
Q06481 1.3e-21 1
D4A2Z2 5.1e-22 1
P15943 1.4e-21 1
B5KL27 9.4e-22 1
P0DJ48 9.8e-22 1
Q3UW55 1.2e-21 1
P19859 1.9e-21 1
Q4KUS1 1.9e-21 1
P0C5J5 1.4e-18 1
Q9BDL1 6.7e-21 1
O95925 7e-21 1
D2Y491 1e-20 1
P49223 1.2e-20 1
D2Y490 1.7e-20 1
Q9DA01 2.1e-20 1
P26227 2.3e-20 1
D2Y488 3.5e-20 1
P0DJ47 3.9e-20 1
O93279 7.2e-20 1
Q9EPX2 4.3e-20 1
B2KTG2 6.1e-20 1
Q8R0S6 1.7e-18 1
P0DJ76 1e-19 1
Q8T0W4 1.3e-19 1
D2Y2Q9 2.6e-19 1
P10832 2.9e-19 1
D2Y2G1 4.4e-19 1
P0DJ84 4.4e-19 1
P81906 9.2e-19 1
P11424 1.5e-18 1
D2Y2Q5 2.2e-18 1
P0DJ85 3.4e-18 1
P0DJ80 3.7e-18 1
B2ZBB8 3.7e-18 1
P0DJ75 3.7e-18 1
P0DJ78 3.7e-18 1
Q0PL65 3.3e-18 1
Q02388 5.4e-18 1
P0DJ70 7.5e-18 1
P0DJ72 8.3e-18 1
P0DJ67 9.1e-18 1
P0DJ74 1.1e-17 1
B2ZBB9 1.2e-17 1
P0DJ71 1.2e-17 1
D2Y2Q6 1.9e-17 1
D2Y2F9 5.7e-17 1
P0DJ65 5.7e-17 1
P0DJ73 6.6e-17 1
B5L5Q3 2.3e-16 1
Q8AY45 2.9e-16 1
Q1RPT0 3.8e-16 1
O73683 7.1e-16 1
P0DMW8 5e-16 1
P0DJ68 8.9e-16 1
Q75S49 2.1e-14 1
Q8AY46 2.2e-14 1
Q8IUA0 3.4e-14 1
Q7Z1K3 6.8e-14 1
P26226 1.6e-11 1
Q11101 3.6e-08 1
